#
# A fatal error has been detected by the Java Runtime Environment:
#
#  SIGSEGV (0xb) at pc=0x000000010ed387f4, pid=1214, tid=16643
#
# JRE version: Java(TM) SE Runtime Environment (7.0_79-b15) (build 1.7.0_79-b15)
# Java VM: Java HotSpot(TM) 64-Bit Server VM (24.79-b02 mixed mode bsd-amd64 compressed oops)
# Problematic frame:
# V  [libjvm.dylib+0x3387f4]
#
# Failed to write core dump. Core dumps have been disabled. To enable core dumping, try "ulimit -c unlimited" before starting Java again
#
# If you would like to submit a bug report, please visit:
#   http://bugreport.java.com/bugreport/crash.jsp
#

---------------  T H R E A D  ---------------

Current thread (0x00007ff0d1010000):  JavaThread "JDWP Transport Listener: dt_socket" daemon [_thread_in_vm, id=16643, stack(0x0000000118328000,0x0000000118428000)]

siginfo:si_signo=SIGSEGV: si_errno=0, si_code=0 (SEGV0), si_addr=0x0000000000000000

Registers:
RAX=0x0000000000000001, RBX=0x0000000118427a8b, RCX=0x00000000000fc080, RDX=0x0000000118427a8b
RSP=0x00000001184279f0, RBP=0x0000000118427a40, RSI=0x00007ff0d1010000, RDI=0x00007ff0d0420140
R8 =0x0000000000000001, R9 =0x00007ff0d0600000, R10=0x0000000000000020, R11=0x00007ff0d0600000
R12=0x00007ff0d1010000, R13=0xa000000000000006, R14=0xa000000000000006, R15=0x00007ff0d0420140
RIP=0x000000010ed387f4, EFLAGS=0x0000000000010286, ERR=0x0000000000000000
  TRAPNO=0x000000000000000d

Top of Stack: (sp=0x00000001184279f0)
0x00000001184279f0:   00007ff0d1010000 0000000000000000
0x0000000118427a00:   0000000000000000 0000000000000000
0x0000000118427a10:   00007ff0d1010000 00007ff0d1010000
0x0000000118427a20:   0000000118427a8b 0000000118427a90
0x0000000118427a30:   a000000000000006 0000000000000008
0x0000000118427a40:   0000000118427a60 000000010f5c31a8
0x0000000118427a50:   0000000000000001 0000000118427b08
0x0000000118427a60:   0000000118427ad0 000000010f5a7fbb
0x0000000118427a70:   0000000118427aa0 00007ff0d064cb40
0x0000000118427a80:   0000000900000032 0000000a00427b08
0x0000000118427a90:   0000000000000000 0000000000000000
0x0000000118427aa0:   0000000000000000 0000000118427c90
0x0000000118427ab0:   000000010f5cadc2 00007ff0d064c420
0x0000000118427ac0:   0000000118427b08 000000010f5d6588
0x0000000118427ad0:   0000000118427ae0 000000010f5a80b4
0x0000000118427ae0:   0000000118427d00 000000010f5b1642
0x0000000118427af0:   00002d7000000013 00000000000f0200
0x0000000118427b00:   00007ff0d064c6b0 00007ff0d064cdd9
0x0000000118427b10:   00007ff0000000af 00007ff0d0642500
0x0000000118427b20:   00007ff00000012c 0000000118427b58
0x0000000118427b30:   00007ff0d0642500 00007f0000000000
0x0000000118427b40:   00002d700000001c 00007fff00009f80
0x0000000118427b50:   0000000118427b58 f07f000009000000
0x0000000118427b60:   08000000a08744d0 3e74696e696c633c
0x0000000118427b70:   0056292803000000 0008000000000000
0x0000000118427b80:   00d08744d0f07f00 6c417465670a0000
0x0000000118427b90:   000000736761546c 656a626f4c5b2822
0x0000000118427ba0:   617461442f737463 6176616a4c29493b
0x0000000118427bb0:   694c2f6c6974752f 28360000003b7473
0x0000000118427bc0:   7463656a626f4c5b 493b617461442f73
0x0000000118427bd0:   752f6176616a4c29 7473694c2f6c6974
0x0000000118427be0:   6c2f6176616a4c3c 697274532f676e61 

Instructions: (pc=0x000000010ed387f4)
0x000000010ed387d4:   00 00 00 41 f6 87 68 01 00 00 10 75 07 b8 63 00
0x000000010ed387e4:   00 00 eb 7a 4d 85 f6 75 07 b8 17 00 00 00 eb 6e
0x000000010ed387f4:   4d 8b 36 48 b8 fe fe fe fe fe fe fe fe 49 39 c6
0x000000010ed38804:   74 e7 4d 85 f6 74 e2 48 8d 05 fe 6b 4d 00 80 38 

Register to memory mapping:

RAX=0x0000000000000001 is an unknown value
RBX=0x0000000118427a8b is pointing into the stack for thread: 0x00007ff0d1010000
RCX=0x00000000000fc080 is an unknown value
RDX=0x0000000118427a8b is pointing into the stack for thread: 0x00007ff0d1010000
RSP=0x00000001184279f0 is pointing into the stack for thread: 0x00007ff0d1010000
RBP=0x0000000118427a40 is pointing into the stack for thread: 0x00007ff0d1010000
RSI=0x00007ff0d1010000 is a thread
RDI=0x00007ff0d0420140 is an unknown value
R8 =0x0000000000000001 is an unknown value
R9 =0x00007ff0d0600000 is an unknown value
R10=0x0000000000000020 is an unknown value
R11=0x00007ff0d0600000 is an unknown value
R12=0x00007ff0d1010000 is a thread
R13=0xa000000000000006 is an unknown value
R14=0xa000000000000006 is an unknown value
R15=0x00007ff0d0420140 is an unknown value


Stack: [0x0000000118328000,0x0000000118428000],  sp=0x00000001184279f0,  free space=1022k
Native frames: (J=compiled Java code, j=interpreted, Vv=VM code, C=native code)
V  [libjvm.dylib+0x3387f4]
C  [libjdwp.dylib+0x201a8]  isMethodSynthetic+0x63
C  [libjdwp.dylib+0x4fbb]  methods1+0x10b
C  [libjdwp.dylib+0x50b4]  methodsWithGeneric+0xe
C  [libjdwp.dylib+0xe642]  debugLoop_run+0x1ce
C  [libjdwp.dylib+0x1f0e2]  attachThread+0x4d
V  [libjvm.dylib+0x37945a]
V  [libjvm.dylib+0x4f759d]
V  [libjvm.dylib+0x4f8ca5]
V  [libjvm.dylib+0x421c4e]
C  [libsystem_pthread.dylib+0x3268]  _pthread_body+0x83
C  [libsystem_pthread.dylib+0x31e5]  _pthread_body+0x0
C  [libsystem_pthread.dylib+0x141d]  thread_start+0xd


---------------  P R O C E S S  ---------------

Java Threads: ( => current thread )
  0x00007ff0d08a5000 JavaThread "ReaderThread" [_thread_in_native, id=20227, stack(0x0000000118ae8000,0x0000000118be8000)]
  0x00007ff0d1012800 JavaThread "Service Thread" daemon [_thread_blocked, id=19203, stack(0x0000000118837000,0x0000000118937000)]
  0x00007ff0d183b000 JavaThread "C2 CompilerThread1" daemon [_thread_blocked, id=18691, stack(0x0000000118734000,0x0000000118834000)]
  0x00007ff0d1001000 JavaThread "C2 CompilerThread0" daemon [_thread_blocked, id=18179, stack(0x0000000118631000,0x0000000118731000)]
  0x00007ff0d1011800 JavaThread "JDWP Command Reader" daemon [_thread_in_native, id=17667, stack(0x000000011852e000,0x000000011862e000)]
  0x00007ff0d1010800 JavaThread "JDWP Event Helper Thread" daemon [_thread_blocked, id=17155, stack(0x000000011842b000,0x000000011852b000)]
=>0x00007ff0d1010000 JavaThread "JDWP Transport Listener: dt_socket" daemon [_thread_in_vm, id=16643, stack(0x0000000118328000,0x0000000118428000)]
  0x00007ff0d182b000 JavaThread "Signal Dispatcher" daemon [_thread_blocked, id=13331, stack(0x000000011821f000,0x000000011831f000)]
  0x00007ff0d0849000 JavaThread "Finalizer" daemon [_thread_blocked, id=11523, stack(0x00000001167fa000,0x00000001168fa000)]
  0x00007ff0d1814800 JavaThread "Reference Handler" daemon [_thread_blocked, id=11011, stack(0x00000001166f7000,0x00000001167f7000)]
  0x00007ff0d1002000 JavaThread "main" [_thread_blocked, id=4867, stack(0x000000010f464000,0x000000010f564000)]

Other Threads:
  0x00007ff0d0846000 VMThread [stack: 0x00000001165f4000,0x00000001166f4000] [id=10499]
  0x00007ff0d2001000 WatcherThread [stack: 0x000000011893a000,0x0000000118a3a000] [id=19715]

VM state:not at safepoint (normal execution)

VM Mutex/Monitor currently owned by a thread: None

Heap
 PSYoungGen      total 19456K, used 6402K [0x00000007eaa80000, 0x00000007ec000000, 0x0000000800000000)
  eden space 16896K, 22% used [0x00000007eaa80000,0x00000007eae48070,0x00000007ebb00000)
  from space 2560K, 98% used [0x00000007ebb00000,0x00000007ebd78900,0x00000007ebd80000)
  to   space 2560K, 0% used [0x00000007ebd80000,0x00000007ebd80000,0x00000007ec000000)
 ParOldGen       total 43520K, used 1112K [0x00000007c0000000, 0x00000007c2a80000, 0x00000007eaa80000)
  object space 43520K, 2% used [0x00000007c0000000,0x00000007c0116068,0x00000007c2a80000)
 PSPermGen       total 21504K, used 8694K [0x00000007bae00000, 0x00000007bc300000, 0x00000007c0000000)
  object space 21504K, 40% used [0x00000007bae00000,0x00000007bb67d980,0x00000007bc300000)

Card table byte_map: [0x00000001126b5000,0x00000001128df000] byte_map_base: 0x000000010e8de000

Polling page: 0x000000010e1fc000

Code Cache  [0x000000010f5f5000, 0x000000010f865000, 0x00000001125f5000)
 total_blobs=351 nmethods=87 adapters=226 free_code_cache=48480Kb largest_free_block=49614144

Compilation events (10 events):
Event: 0.958 Thread 0x00007ff0d1001000 nmethod 80 0x000000010f6995d0 code [0x000000010f699900, 0x000000010f69c688]
Event: 0.958 Thread 0x00007ff0d1001000   84   !         sun.misc.CharacterDecoder::decodeBuffer (152 bytes)
Event: 0.960 Thread 0x00007ff0d1001000 nmethod 84 0x000000010f689750 code [0x000000010f6898e0, 0x000000010f689b10]
Event: 0.960 Thread 0x00007ff0d1001000   85             sun.reflect.ClassFileAssembler::emitConstantPoolUTF8 (50 bytes)
Event: 0.967 Thread 0x00007ff0d183b000 nmethod 83 0x000000010f69db90 code [0x000000010f69de40, 0x000000010f69f180]
Event: 0.967 Thread 0x00007ff0d183b000   86   !         sun.reflect.UTF8::encode (189 bytes)
Event: 0.981 Thread 0x00007ff0d183b000 nmethod 86 0x000000010f68da50 code [0x000000010f68dbc0, 0x000000010f68e4b8]
Event: 0.981 Thread 0x00007ff0d183b000   87             sun.reflect.UTF8::utf8Length (81 bytes)
Event: 0.984 Thread 0x00007ff0d183b000 nmethod 87 0x000000010f68fe50 code [0x000000010f68ffa0, 0x000000010f690238]
Event: 0.987 Thread 0x00007ff0d1001000 nmethod 85 0x000000010f6a2890 code [0x000000010f6a2a80, 0x000000010f6a38b0]

GC Heap History (2 events):
Event: 0.942 GC heap before
{Heap before GC invocations=1 (full 0):
 PSYoungGen      total 19456K, used 16896K [0x00000007eaa80000, 0x00000007ec000000, 0x0000000800000000)
  eden space 16896K, 100% used [0x00000007eaa80000,0x00000007ebb00000,0x00000007ebb00000)
  from space 2560K, 0% used [0x00000007ebd80000,0x00000007ebd80000,0x00000007ec000000)
  to   space 2560K, 0% used [0x00000007ebb00000,0x00000007ebb00000,0x00000007ebd80000)
 ParOldGen       total 43520K, used 0K [0x00000007c0000000, 0x00000007c2a80000, 0x00000007eaa80000)
  object space 43520K, 0% used [0x00000007c0000000,0x00000007c0000000,0x00000007c2a80000)
 PSPermGen       total 21504K, used 7701K [0x00000007bae00000, 0x00000007bc300000, 0x00000007c0000000)
  object space 21504K, 35% used [0x00000007bae00000,0x00000007bb585710,0x00000007bc300000)
Event: 0.950 GC heap after
Heap after GC invocations=1 (full 0):
 PSYoungGen      total 19456K, used 2530K [0x00000007eaa80000, 0x00000007ec000000, 0x0000000800000000)
  eden space 16896K, 0% used [0x00000007eaa80000,0x00000007eaa80000,0x00000007ebb00000)
  from space 2560K, 98% used [0x00000007ebb00000,0x00000007ebd78900,0x00000007ebd80000)
  to   space 2560K, 0% used [0x00000007ebd80000,0x00000007ebd80000,0x00000007ec000000)
 ParOldGen       total 43520K, used 1112K [0x00000007c0000000, 0x00000007c2a80000, 0x00000007eaa80000)
  object space 43520K, 2% used [0x00000007c0000000,0x00000007c0116068,0x00000007c2a80000)
 PSPermGen       total 21504K, used 7701K [0x00000007bae00000, 0x00000007bc300000, 0x00000007c0000000)
  object space 21504K, 35% used [0x00000007bae00000,0x00000007bb585710,0x00000007bc300000)
}

Deoptimization events (10 events):
Event: 0.601 Thread 0x00007ff0d1002000 Uncommon trap: reason=unreached action=reinterpret pc=0x000000010f67406c method=java.lang.Integer.parseInt(Ljava/lang/String;I)I @ 1
Event: 0.973 Thread 0x00007ff0d1002000 Uncommon trap: reason=unhandled action=none pc=0x000000010f69ee00 method=sun.misc.BASE64Decoder.decodeAtom(Ljava/io/PushbackInputStream;Ljava/io/OutputStream;I)V @ 46
Event: 0.977 Thread 0x00007ff0d1002000 Uncommon trap: reason=unhandled action=none pc=0x000000010f69ee00 method=sun.misc.BASE64Decoder.decodeAtom(Ljava/io/PushbackInputStream;Ljava/io/OutputStream;I)V @ 46
Event: 0.979 Thread 0x00007ff0d1002000 Uncommon trap: reason=unhandled action=none pc=0x000000010f69ee00 method=sun.misc.BASE64Decoder.decodeAtom(Ljava/io/PushbackInputStream;Ljava/io/OutputStream;I)V @ 46
Event: 0.981 Thread 0x00007ff0d1002000 Uncommon trap: reason=unhandled action=none pc=0x000000010f69ee00 method=sun.misc.BASE64Decoder.decodeAtom(Ljava/io/PushbackInputStream;Ljava/io/OutputStream;I)V @ 46
Event: 0.983 Thread 0x00007ff0d1002000 Uncommon trap: reason=unhandled action=none pc=0x000000010f69ee00 method=sun.misc.BASE64Decoder.decodeAtom(Ljava/io/PushbackInputStream;Ljava/io/OutputStream;I)V @ 46
Event: 0.986 Thread 0x00007ff0d1002000 Uncommon trap: reason=unhandled action=none pc=0x000000010f69ee00 method=sun.misc.BASE64Decoder.decodeAtom(Ljava/io/PushbackInputStream;Ljava/io/OutputStream;I)V @ 46
Event: 0.987 Thread 0x00007ff0d1002000 Uncommon trap: reason=unreached action=reinterpret pc=0x000000010f67ce64 method=java.util.Arrays.equals([B[B)Z @ 12
Event: 0.988 Thread 0x00007ff0d1002000 Uncommon trap: reason=unhandled action=none pc=0x000000010f69ee00 method=sun.misc.BASE64Decoder.decodeAtom(Ljava/io/PushbackInputStream;Ljava/io/OutputStream;I)V @ 46
Event: 0.989 Thread 0x00007ff0d1002000 Uncommon trap: reason=unhandled action=none pc=0x000000010f69ee00 method=sun.misc.BASE64Decoder.decodeAtom(Ljava/io/PushbackInputStream;Ljava/io/OutputStream;I)V @ 46

Internal exceptions (10 events):
Event: 1.246 Thread 0x00007ff0d1002000 Threw 0x00000007ead95e18 at /HUDSON/workspace/7u-2-build-macosx-x86_64/jdk7u79/2331/hotspot/src/share/vm/prims/jvm.cpp:1304
Event: 1.246 Thread 0x00007ff0d1002000 Threw 0x00000007ead9a150 at /HUDSON/workspace/7u-2-build-macosx-x86_64/jdk7u79/2331/hotspot/src/share/vm/prims/jvm.cpp:1304
Event: 1.247 Thread 0x00007ff0d1002000 Threw 0x00000007ead9f6d8 at /HUDSON/workspace/7u-2-build-macosx-x86_64/jdk7u79/2331/hotspot/src/share/vm/prims/jvm.cpp:1304
Event: 1.248 Thread 0x00007ff0d1002000 Threw 0x00000007eada1ed8 at /HUDSON/workspace/7u-2-build-macosx-x86_64/jdk7u79/2331/hotspot/src/share/vm/prims/jvm.cpp:1304
Event: 1.249 Thread 0x00007ff0d1002000 Threw 0x00000007eada5db0 at /HUDSON/workspace/7u-2-build-macosx-x86_64/jdk7u79/2331/hotspot/src/share/vm/prims/jvm.cpp:1304
Event: 1.250 Thread 0x00007ff0d1002000 Threw 0x00000007eada9ed0 at /HUDSON/workspace/7u-2-build-macosx-x86_64/jdk7u79/2331/hotspot/src/share/vm/interpreter/interpreterRuntime.cpp:347
Event: 1.256 Thread 0x00007ff0d1002000 Threw 0x00000007eadadba8 at /HUDSON/workspace/7u-2-build-macosx-x86_64/jdk7u79/2331/hotspot/src/share/vm/prims/jvm.cpp:1304
Event: 1.257 Thread 0x00007ff0d1002000 Threw 0x00000007eadb2aa0 at /HUDSON/workspace/7u-2-build-macosx-x86_64/jdk7u79/2331/hotspot/src/share/vm/prims/jvm.cpp:1304
Event: 1.257 Thread 0x00007ff0d1002000 Threw 0x00000007eadb70a8 at /HUDSON/workspace/7u-2-build-macosx-x86_64/jdk7u79/2331/hotspot/src/share/vm/prims/jvm.cpp:1304
Event: 1.258 Thread 0x00007ff0d1002000 Threw 0x00000007eadbb358 at /HUDSON/workspace/7u-2-build-macosx-x86_64/jdk7u79/2331/hotspot/src/share/vm/prims/jvm.cpp:1304

Events (10 events):
Event: 17.572 Executing VM operation: GetOrSetLocal
Event: 17.572 Executing VM operation: GetOrSetLocal done
Event: 17.573 Executing VM operation: GetOrSetLocal
Event: 17.573 Executing VM operation: GetOrSetLocal done
Event: 17.574 Executing VM operation: GetOrSetLocal
Event: 17.574 Executing VM operation: GetOrSetLocal done
Event: 92.547 Executing VM operation: RedefineClasses
Event: 92.548 Executing VM operation: RedefineClasses done
Event: 199.341 Executing VM operation: RedefineClasses
Event: 199.342 Executing VM operation: RedefineClasses done


Dynamic libraries:
0x0000000009e21000 	/System/Library/Frameworks/Cocoa.framework/Versions/A/Cocoa
0x0000000009e21000 	/System/Library/Frameworks/Security.framework/Versions/A/Security
0x0000000009e21000 	/System/Library/Frameworks/ApplicationServices.framework/Versions/A/ApplicationServices
0x0000000009e21000 	/usr/lib/libz.1.dylib
0x0000000009e21000 	/usr/lib/libSystem.B.dylib
0x0000000009e21000 	/usr/lib/libobjc.A.dylib
0x0000000009e21000 	/System/Library/Frameworks/CoreFoundation.framework/Versions/A/CoreFoundation
0x0000000009e21000 	/System/Library/Frameworks/Foundation.framework/Versions/C/Foundation
0x0000000009e21000 	/System/Library/Frameworks/AppKit.framework/Versions/C/AppKit
0x0000000009e21000 	/System/Library/Frameworks/CoreData.framework/Versions/A/CoreData
0x0000000009e21000 	/System/Library/PrivateFrameworks/RemoteViewServices.framework/Versions/A/RemoteViewServices
0x0000000009e21000 	/System/Library/PrivateFrameworks/UIFoundation.framework/Versions/A/UIFoundation
0x0000000009e21000 	/System/Library/Frameworks/IOSurface.framework/Versions/A/IOSurface
0x0000000009e21000 	/System/Library/Frameworks/AudioToolbox.framework/Versions/A/AudioToolbox
0x0000000009e21000 	/System/Library/Frameworks/AudioUnit.framework/Versions/A/AudioUnit
0x0000000009e21000 	/System/Library/PrivateFrameworks/DataDetectorsCore.framework/Versions/A/DataDetectorsCore
0x0000000009e21000 	/System/Library/PrivateFrameworks/DesktopServicesPriv.framework/Versions/A/DesktopServicesPriv
0x0000000009e21000 	/System/Library/Frameworks/Carbon.framework/Versions/A/Frameworks/HIToolbox.framework/Versions/A/HIToolbox
0x0000000009e21000 	/System/Library/Frameworks/QuartzCore.framework/Versions/A/QuartzCore
0x0000000009e21000 	/System/Library/Frameworks/Carbon.framework/Versions/A/Frameworks/SpeechRecognition.framework/Versions/A/SpeechRecognition
0x0000000009e21000 	/usr/lib/libauto.dylib
0x0000000009e21000 	/usr/lib/libicucore.A.dylib
0x0000000009e21000 	/usr/lib/libxml2.2.dylib
0x0000000009e21000 	/System/Library/PrivateFrameworks/CoreUI.framework/Versions/A/CoreUI
0x0000000009e21000 	/System/Library/Frameworks/CoreAudio.framework/Versions/A/CoreAudio
0x0000000009e21000 	/System/Library/Frameworks/DiskArbitration.framework/Versions/A/DiskArbitration
0x0000000009e21000 	/usr/lib/liblangid.dylib
0x0000000009e21000 	/System/Library/PrivateFrameworks/MultitouchSupport.framework/Versions/A/MultitouchSupport
0x0000000009e21000 	/System/Library/Frameworks/IOKit.framework/Versions/A/IOKit
0x0000000009e21000 	/usr/lib/libDiagnosticMessagesClient.dylib
0x0000000009e21000 	/System/Library/Frameworks/CoreServices.framework/Versions/A/CoreServices
0x0000000009e21000 	/System/Library/PrivateFrameworks/PerformanceAnalysis.framework/Versions/A/PerformanceAnalysis
0x0000000009e21000 	/System/Library/PrivateFrameworks/GenerationalStorage.framework/Versions/A/GenerationalStorage
0x0000000009e21000 	/System/Library/Frameworks/OpenGL.framework/Versions/A/OpenGL
0x0000000009e21000 	/System/Library/PrivateFrameworks/Sharing.framework/Versions/A/Sharing
0x0000000009e21000 	/System/Library/Frameworks/CoreGraphics.framework/Versions/A/CoreGraphics
0x0000000009e21000 	/System/Library/Frameworks/CoreText.framework/Versions/A/CoreText
0x0000000009e21000 	/System/Library/Frameworks/ImageIO.framework/Versions/A/ImageIO
0x0000000009e21000 	/usr/lib/libextension.dylib
0x0000000009e21000 	/System/Library/PrivateFrameworks/Backup.framework/Versions/A/Backup
0x0000000009e21000 	/usr/lib/libarchive.2.dylib
0x0000000009e21000 	/System/Library/Frameworks/CFNetwork.framework/Versions/A/CFNetwork
0x0000000009e21000 	/System/Library/Frameworks/SystemConfiguration.framework/Versions/A/SystemConfiguration
0x0000000009e21000 	/usr/lib/libCRFSuite.dylib
0x0000000009e21000 	/usr/lib/libc++.1.dylib
0x0000000009e21000 	/usr/lib/libc++abi.dylib
0x0000000009e21000 	/usr/lib/system/libcache.dylib
0x0000000009e21000 	/usr/lib/system/libcommonCrypto.dylib
0x0000000009e21000 	/usr/lib/system/libcompiler_rt.dylib
0x0000000009e21000 	/usr/lib/system/libcopyfile.dylib
0x0000000009e21000 	/usr/lib/system/libcorecrypto.dylib
0x0000000009e21000 	/usr/lib/system/libdispatch.dylib
0x0000000009e21000 	/usr/lib/system/libdyld.dylib
0x0000000009e21000 	/usr/lib/system/libkeymgr.dylib
0x0000000009e21000 	/usr/lib/system/liblaunch.dylib
0x0000000009e21000 	/usr/lib/system/libmacho.dylib
0x0000000009e21000 	/usr/lib/system/libquarantine.dylib
0x0000000009e21000 	/usr/lib/system/libremovefile.dylib
0x0000000009e21000 	/usr/lib/system/libsystem_asl.dylib
0x0000000009e21000 	/usr/lib/system/libsystem_blocks.dylib
0x0000000009e21000 	/usr/lib/system/libsystem_c.dylib
0x0000000009e21000 	/usr/lib/system/libsystem_configuration.dylib
0x0000000009e21000 	/usr/lib/system/libsystem_coreservices.dylib
0x0000000009e21000 	/usr/lib/system/libsystem_coretls.dylib
0x0000000009e21000 	/usr/lib/system/libsystem_dnssd.dylib
0x0000000009e21000 	/usr/lib/system/libsystem_info.dylib
0x0000000009e21000 	/usr/lib/system/libsystem_kernel.dylib
0x0000000009e21000 	/usr/lib/system/libsystem_m.dylib
0x0000000009e21000 	/usr/lib/system/libsystem_malloc.dylib
0x0000000009e21000 	/usr/lib/system/libsystem_network.dylib
0x0000000009e21000 	/usr/lib/system/libsystem_networkextension.dylib
0x0000000009e21000 	/usr/lib/system/libsystem_notify.dylib
0x0000000009e21000 	/usr/lib/system/libsystem_platform.dylib
0x0000000009e21000 	/usr/lib/system/libsystem_pthread.dylib
0x0000000009e21000 	/usr/lib/system/libsystem_sandbox.dylib
0x0000000009e21000 	/usr/lib/system/libsystem_secinit.dylib
0x0000000009e21000 	/usr/lib/system/libsystem_stats.dylib
0x0000000009e21000 	/usr/lib/system/libsystem_trace.dylib
0x0000000009e21000 	/usr/lib/system/libunc.dylib
0x0000000009e21000 	/usr/lib/system/libunwind.dylib
0x0000000009e21000 	/usr/lib/system/libxpc.dylib
0x0000000009e21000 	/usr/lib/libbz2.1.0.dylib
0x0000000009e21000 	/usr/lib/liblzma.5.dylib
0x0000000009e21000 	/usr/lib/libbsm.0.dylib
0x0000000009e21000 	/usr/lib/libsqlite3.dylib
0x0000000009e21000 	/usr/lib/system/libkxld.dylib
0x0000000009e21000 	/usr/lib/libxar.1.dylib
0x0000000009e21000 	/usr/lib/libpam.2.dylib
0x0000000009e21000 	/usr/lib/libOpenScriptingUtil.dylib
0x0000000009e21000 	/System/Library/Frameworks/CoreServices.framework/Versions/A/Frameworks/FSEvents.framework/Versions/A/FSEvents
0x0000000009e21000 	/System/Library/Frameworks/CoreServices.framework/Versions/A/Frameworks/CarbonCore.framework/Versions/A/CarbonCore
0x0000000009e21000 	/System/Library/Frameworks/CoreServices.framework/Versions/A/Frameworks/Metadata.framework/Versions/A/Metadata
0x0000000009e21000 	/System/Library/Frameworks/CoreServices.framework/Versions/A/Frameworks/OSServices.framework/Versions/A/OSServices
0x0000000009e21000 	/System/Library/Frameworks/CoreServices.framework/Versions/A/Frameworks/SearchKit.framework/Versions/A/SearchKit
0x0000000009e21000 	/System/Library/Frameworks/CoreServices.framework/Versions/A/Frameworks/AE.framework/Versions/A/AE
0x0000000009e21000 	/System/Library/Frameworks/CoreServices.framework/Versions/A/Frameworks/LaunchServices.framework/Versions/A/LaunchServices
0x0000000009e21000 	/System/Library/Frameworks/CoreServices.framework/Versions/A/Frameworks/DictionaryServices.framework/Versions/A/DictionaryServices
0x0000000009e21000 	/System/Library/Frameworks/NetFS.framework/Versions/A/NetFS
0x0000000009e21000 	/System/Library/PrivateFrameworks/NetAuth.framework/Versions/A/NetAuth
0x0000000009e21000 	/System/Library/PrivateFrameworks/login.framework/Versions/A/Frameworks/loginsupport.framework/Versions/A/loginsupport
0x0000000009e21000 	/System/Library/PrivateFrameworks/TCC.framework/Versions/A/TCC
0x0000000009e21000 	/usr/lib/libmecabra.dylib
0x0000000009e21000 	/System/Library/Frameworks/ApplicationServices.framework/Versions/A/Frameworks/ATS.framework/Versions/A/ATS
0x0000000009e21000 	/System/Library/Frameworks/ApplicationServices.framework/Versions/A/Frameworks/ColorSync.framework/Versions/A/ColorSync
0x0000000009e21000 	/System/Library/Frameworks/ApplicationServices.framework/Versions/A/Frameworks/HIServices.framework/Versions/A/HIServices
0x0000000009e21000 	/System/Library/Frameworks/ApplicationServices.framework/Versions/A/Frameworks/LangAnalysis.framework/Versions/A/LangAnalysis
0x0000000009e21000 	/System/Library/Frameworks/ApplicationServices.framework/Versions/A/Frameworks/PrintCore.framework/Versions/A/PrintCore
0x0000000009e21000 	/System/Library/Frameworks/ApplicationServices.framework/Versions/A/Frameworks/QD.framework/Versions/A/QD
0x0000000009e21000 	/System/Library/Frameworks/ApplicationServices.framework/Versions/A/Frameworks/SpeechSynthesis.framework/Versions/A/SpeechSynthesis
0x0000000009e21000 	/System/Library/Frameworks/Accelerate.framework/Versions/A/Accelerate
0x0000000009e21000 	/System/Library/Frameworks/Accelerate.framework/Versions/A/Frameworks/vImage.framework/Versions/A/vImage
0x0000000009e21000 	/System/Library/Frameworks/Accelerate.framework/Versions/A/Frameworks/vecLib.framework/Versions/A/vecLib
0x0000000009e21000 	/System/Library/Frameworks/Accelerate.framework/Versions/A/Frameworks/vecLib.framework/Versions/A/libvDSP.dylib
0x0000000009e21000 	/System/Library/Frameworks/Accelerate.framework/Versions/A/Frameworks/vecLib.framework/Versions/A/libvMisc.dylib
0x0000000009e21000 	/System/Library/Frameworks/Accelerate.framework/Versions/A/Frameworks/vecLib.framework/Versions/A/libLAPACK.dylib
0x0000000009e21000 	/System/Library/Frameworks/Accelerate.framework/Versions/A/Frameworks/vecLib.framework/Versions/A/libBLAS.dylib
0x0000000009e21000 	/System/Library/Frameworks/Accelerate.framework/Versions/A/Frameworks/vecLib.framework/Versions/A/libLinearAlgebra.dylib
0x0000000009e21000 	/System/Library/Frameworks/ApplicationServices.framework/Versions/A/Frameworks/ATS.framework/Versions/A/Resources/libFontParser.dylib
0x0000000009e21000 	/System/Library/Frameworks/ApplicationServices.framework/Versions/A/Frameworks/ATS.framework/Versions/A/Resources/libFontRegistry.dylib
0x0000000009e21000 	/System/Library/PrivateFrameworks/AppleVPA.framework/Versions/A/AppleVPA
0x0000000009e21000 	/System/Library/PrivateFrameworks/AppleJPEG.framework/Versions/A/AppleJPEG
0x0000000009e21000 	/System/Library/Frameworks/ImageIO.framework/Versions/A/Resources/libJPEG.dylib
0x0000000009e21000 	/System/Library/Frameworks/ImageIO.framework/Versions/A/Resources/libTIFF.dylib
0x0000000009e21000 	/System/Library/Frameworks/ImageIO.framework/Versions/A/Resources/libPng.dylib
0x0000000009e21000 	/System/Library/Frameworks/ImageIO.framework/Versions/A/Resources/libGIF.dylib
0x0000000009e21000 	/System/Library/Frameworks/ImageIO.framework/Versions/A/Resources/libJP2.dylib
0x0000000009e21000 	/System/Library/Frameworks/ImageIO.framework/Versions/A/Resources/libRadiance.dylib
0x0000000009e21000 	/System/Library/Frameworks/CoreVideo.framework/Versions/A/CoreVideo
0x0000000009e21000 	/System/Library/Frameworks/OpenGL.framework/Versions/A/Libraries/libGLU.dylib
0x0000000009e21000 	/System/Library/Frameworks/OpenGL.framework/Versions/A/Libraries/libGFXShared.dylib
0x0000000009e21000 	/System/Library/Frameworks/OpenGL.framework/Versions/A/Libraries/libGL.dylib
0x0000000009e21000 	/System/Library/Frameworks/OpenGL.framework/Versions/A/Libraries/libGLImage.dylib
0x0000000009e21000 	/System/Library/Frameworks/OpenGL.framework/Versions/A/Libraries/libCVMSPluginSupport.dylib
0x0000000009e21000 	/System/Library/Frameworks/OpenGL.framework/Versions/A/Libraries/libCoreVMClient.dylib
0x0000000009e21000 	/usr/lib/libcups.2.dylib
0x0000000009e21000 	/System/Library/Frameworks/Kerberos.framework/Versions/A/Kerberos
0x0000000009e21000 	/System/Library/Frameworks/GSS.framework/Versions/A/GSS
0x0000000009e21000 	/usr/lib/libresolv.9.dylib
0x0000000009e21000 	/usr/lib/libiconv.2.dylib
0x0000000009e21000 	/System/Library/PrivateFrameworks/Heimdal.framework/Versions/A/Heimdal
0x0000000009e21000 	/usr/lib/libheimdal-asn1.dylib
0x0000000009e21000 	/System/Library/Frameworks/OpenDirectory.framework/Versions/A/OpenDirectory
0x0000000009e21000 	/System/Library/PrivateFrameworks/CommonAuth.framework/Versions/A/CommonAuth
0x0000000009e21000 	/System/Library/Frameworks/OpenDirectory.framework/Versions/A/Frameworks/CFOpenDirectory.framework/Versions/A/CFOpenDirectory
0x0000000009e21000 	/System/Library/Frameworks/SecurityFoundation.framework/Versions/A/SecurityFoundation
0x0000000009e21000 	/System/Library/PrivateFrameworks/LanguageModeling.framework/Versions/A/LanguageModeling
0x0000000009e21000 	/usr/lib/libcmph.dylib
0x0000000009e21000 	/System/Library/Frameworks/ServiceManagement.framework/Versions/A/ServiceManagement
0x0000000009e21000 	/usr/lib/libxslt.1.dylib
0x0000000009e21000 	/System/Library/Frameworks/Carbon.framework/Versions/A/Frameworks/Ink.framework/Versions/A/Ink
0x0000000009e21000 	/System/Library/Frameworks/QuartzCore.framework/Versions/A/Frameworks/CoreImage.framework/Versions/A/CoreImage
0x0000000009e21000 	/System/Library/PrivateFrameworks/CrashReporterSupport.framework/Versions/A/CrashReporterSupport
0x0000000009e21000 	/System/Library/Frameworks/OpenCL.framework/Versions/A/OpenCL
0x0000000009e21000 	/System/Library/PrivateFrameworks/FaceCore.framework/Versions/A/FaceCore
0x0000000009e21000 	/System/Library/PrivateFrameworks/Ubiquity.framework/Versions/A/Ubiquity
0x0000000009e21000 	/System/Library/PrivateFrameworks/IconServices.framework/Versions/A/IconServices
0x0000000009e21000 	/System/Library/PrivateFrameworks/ChunkingLibrary.framework/Versions/A/ChunkingLibrary
0x0000000009e21000 	/System/Library/PrivateFrameworks/Apple80211.framework/Versions/A/Apple80211
0x0000000009e21000 	/System/Library/Frameworks/CoreWLAN.framework/Versions/A/CoreWLAN
0x0000000009e21000 	/System/Library/Frameworks/IOBluetooth.framework/Versions/A/IOBluetooth
0x0000000009e21000 	/System/Library/PrivateFrameworks/CoreWiFi.framework/Versions/A/CoreWiFi
0x0000000009e21000 	/System/Library/Frameworks/CoreBluetooth.framework/Versions/A/CoreBluetooth
0x0000000009e21000 	/System/Library/PrivateFrameworks/DebugSymbols.framework/Versions/A/DebugSymbols
0x0000000009e21000 	/System/Library/PrivateFrameworks/CoreSymbolication.framework/Versions/A/CoreSymbolication
0x0000000009e21000 	/System/Library/PrivateFrameworks/Symbolication.framework/Versions/A/Symbolication
0x0000000009e21000 	/System/Library/PrivateFrameworks/SpeechRecognitionCore.framework/Versions/A/SpeechRecognitionCore
0x000000010ea00000 	/Library/Java/JavaVirtualMachines/jdk1.7.0_79.jdk/Contents/Home/jre/lib/server/libjvm.dylib
0x0000000009e21000 	/usr/lib/libstdc++.6.dylib
0x000000010f566000 	/Library/Java/JavaVirtualMachines/jdk1.7.0_79.jdk/Contents/Home/jre/lib/libverify.dylib
0x000000010f573000 	/Library/Java/JavaVirtualMachines/jdk1.7.0_79.jdk/Contents/Home/jre/lib/libjava.dylib
0x000000010f5a3000 	/Library/Java/JavaVirtualMachines/jdk1.7.0_79.jdk/Contents/Home/jre/lib/libjdwp.dylib
0x000000010f5e0000 	/Library/Java/JavaVirtualMachines/jdk1.7.0_79.jdk/Contents/Home/jre/lib/libnpt.dylib
0x000000010f5ec000 	/Library/Java/JavaVirtualMachines/jdk1.7.0_79.jdk/Contents/Home/jre/lib/libzip.dylib
0x00000001168fc000 	/System/Library/Frameworks/JavaVM.framework/Frameworks/JavaRuntimeSupport.framework/JavaRuntimeSupport
0x0000000116914000 	/System/Library/Frameworks/JavaVM.framework/Versions/A/Frameworks/JavaNativeFoundation.framework/Versions/A/JavaNativeFoundation
0x0000000116929000 	/System/Library/Frameworks/JavaVM.framework/Versions/A/JavaVM
0x0000000009e21000 	/System/Library/Frameworks/Carbon.framework/Versions/A/Carbon
0x0000000116936000 	/System/Library/PrivateFrameworks/JavaLaunching.framework/Versions/A/JavaLaunching
0x0000000009e21000 	/System/Library/Frameworks/Carbon.framework/Versions/A/Frameworks/CommonPanels.framework/Versions/A/CommonPanels
0x0000000009e21000 	/System/Library/Frameworks/Carbon.framework/Versions/A/Frameworks/Help.framework/Versions/A/Help
0x0000000009e21000 	/System/Library/Frameworks/Carbon.framework/Versions/A/Frameworks/ImageCapture.framework/Versions/A/ImageCapture
0x0000000009e21000 	/System/Library/Frameworks/Carbon.framework/Versions/A/Frameworks/OpenScripting.framework/Versions/A/OpenScripting
0x0000000009e21000 	/System/Library/Frameworks/Carbon.framework/Versions/A/Frameworks/Print.framework/Versions/A/Print
0x0000000009e21000 	/System/Library/Frameworks/Carbon.framework/Versions/A/Frameworks/SecurityHI.framework/Versions/A/SecurityHI
0x0000000118321000 	/Library/Java/JavaVirtualMachines/jdk1.7.0_79.jdk/Contents/Home/jre/lib/libdt_socket.dylib
0x0000000118a89000 	/Library/Java/JavaVirtualMachines/jdk1.7.0_79.jdk/Contents/Home/jre/lib/libnet.dylib
0x0000000118e01000 	/Library/Java/JavaVirtualMachines/jdk1.7.0_79.jdk/Contents/Home/jre/lib/libsunec.dylib

VM Arguments:
jvm_args: -agentlib:jdwp=transport=dt_socket,suspend=y,address=localhost:51167 -Dfile.encoding=UTF-8 
java_command: org.eclipse.jdt.internal.junit.runner.RemoteTestRunner -version 3 -port 51166 -testLoaderClass org.eclipse.jdt.internal.junit4.runner.JUnit4TestLoader -loaderpluginname org.eclipse.jdt.junit4.runtime -classNames tests.TestDataCrawler
Launcher Type: SUN_STANDARD

Environment Variables:
PATH=/usr/bin:/bin:/usr/sbin:/sbin
SHELL=/bin/bash

Signal Handlers:
SIGSEGV: [libjvm.dylib+0x52daf1], sa_mask[0]=0xfffefeff, sa_flags=0x00000043
SIGBUS: [libjvm.dylib+0x52daf1], sa_mask[0]=0xfffefeff, sa_flags=0x00000042
SIGFPE: [libjvm.dylib+0x41f34e], sa_mask[0]=0xfffefeff, sa_flags=0x00000042
SIGPIPE: [libjvm.dylib+0x41f34e], sa_mask[0]=0xfffefeff, sa_flags=0x00000042
SIGXFSZ: [libjvm.dylib+0x41f34e], sa_mask[0]=0xfffefeff, sa_flags=0x00000042
SIGILL: [libjvm.dylib+0x41f34e], sa_mask[0]=0xfffefeff, sa_flags=0x00000042
SIGUSR1: SIG_DFL, sa_mask[0]=0x00000000, sa_flags=0x00000000
SIGUSR2: [libjvm.dylib+0x41ee40], sa_mask[0]=0x00000004, sa_flags=0x00000042
SIGHUP: [libjvm.dylib+0x41d0d1], sa_mask[0]=0xfffefeff, sa_flags=0x00000042
SIGINT: [libjvm.dylib+0x41d0d1], sa_mask[0]=0xfffefeff, sa_flags=0x00000042
SIGTERM: [libjvm.dylib+0x41d0d1], sa_mask[0]=0xfffefeff, sa_flags=0x00000042
SIGQUIT: [libjvm.dylib+0x41d0d1], sa_mask[0]=0xfffefeff, sa_flags=0x00000042


---------------  S Y S T E M  ---------------

OS:Bsduname:Darwin 14.4.0 Darwin Kernel Version 14.4.0: Thu May 28 11:35:04 PDT 2015; root:xnu-2782.30.5~1/RELEASE_X86_64 x86_64
rlimit: STACK 8192k, CORE 0k, NPROC 709, NOFILE 10240, AS infinity
load average:1.76 1.73 1.65

CPU:total 4 (2 cores per cpu, 2 threads per core) family 6 model 61 stepping 4, cmov, cx8, fxsr, mmx, sse, sse2, sse3, ssse3, sse4.1, sse4.2, popcnt, avx, avx2, aes, erms, ht, tsc, tscinvbit

Memory: 4k page, physical 4194304k(1048576k free)

/proc/meminfo:


vm_info: Java HotSpot(TM) 64-Bit Server VM (24.79-b02) for bsd-amd64 JRE (1.7.0_79-b15), built on Apr 10 2015 11:35:04 by "java_re" with gcc 4.2.1 (Based on Apple Inc. build 5658) (LLVM build 2336.11.00)

time: Wed Jul 22 16:44:55 2015
elapsed time: 199 seconds

